# JRE version: Java(TM) SE Runtime Environment (7.0_51-b13) (build 1.7.0_51-b13)
# Java VM: Java HotSpot(TM) 64-Bit Server VM (24.51-b03 mixed mode windows-amd64 compressed oops)
Heap
 PSYoungGen      total 157184K, used 368K [0x00000007d5900000, 0x00000007e7700000, 0x0000000800000000)
  eden space 125440K, 0% used [0x00000007d5900000,0x00000007d595c088,0x00000007dd380000)
  from space 31744K, 0% used [0x00000007dd380000,0x00000007dd380000,0x00000007df280000)
  to   space 46080K, 0% used [0x00000007e4a00000,0x00000007e4a00000,0x00000007e7700000)
 ParOldGen       total 118784K, used 48627K [0x0000000780c00000, 0x0000000788000000, 0x00000007d5900000)
  object space 118784K, 40% used [0x0000000780c00000,0x0000000783b7cd18,0x0000000788000000)
 PSPermGen       total 53248K, used 26503K [0x000000077ba00000, 0x000000077ee00000, 0x0000000780c00000)
  object space 53248K, 49% used [0x000000077ba00000,0x000000077d3e1e88,0x000000077ee00000)
GC Heap History (10 events):
Event: 3.844 GC heap before
{Heap before GC invocations=6 (full 0):
 PSYoungGen      total 38400K, used 38390K [0x00000007d5900000, 0x00000007db200000, 0x0000000800000000)
  eden space 33280K, 100% used [0x00000007d5900000,0x00000007d7980000,0x00000007d7980000)
  from space 5120K, 99% used [0x00000007d7980000,0x00000007d7e7dba8,0x00000007d7e80000)
  to   space 12288K, 0% used [0x00000007da600000,0x00000007da600000,0x00000007db200000)
 ParOldGen       total 86528K, used 14046K [0x0000000780c00000, 0x0000000786080000, 0x00000007d5900000)
  object space 86528K, 16% used [0x0000000780c00000,0x00000007819b7978,0x0000000786080000)
 PSPermGen       total 21504K, used 19986K [0x000000077ba00000, 0x000000077cf00000, 0x0000000780c00000)
  object space 21504K, 92% used [0x000000077ba00000,0x000000077cd84948,0x000000077cf00000)
Event: 3.853 GC heap after
Heap after GC invocations=6 (full 0):
 PSYoungGen      total 77824K, used 7993K [0x00000007d5900000, 0x00000007db100000, 0x0000000800000000)
  eden space 66560K, 0% used [0x00000007d5900000,0x00000007d5900000,0x00000007d9a00000)
  from space 11264K, 70% used [0x00000007da600000,0x00000007dadce630,0x00000007db100000)
  to   space 11776K, 0% used [0x00000007d9a00000,0x00000007d9a00000,0x00000007da580000)
 ParOldGen       total 86528K, used 14054K [0x0000000780c00000, 0x0000000786080000, 0x00000007d5900000)
  object space 86528K, 16% used [0x0000000780c00000,0x00000007819b9978,0x0000000786080000)
 PSPermGen       total 21504K, used 19986K [0x000000077ba00000, 0x000000077cf00000, 0x0000000780c00000)
  object space 21504K, 92% used [0x000000077ba00000,0x000000077cd84948,0x000000077cf00000)
}
Event: 5.742 GC heap before
{Heap before GC invocations=7 (full 0):
 PSYoungGen      total 77824K, used 74506K [0x00000007d5900000, 0x00000007db100000, 0x0000000800000000)
  eden space 66560K, 99% used [0x00000007d5900000,0x00000007d99f4560,0x00000007d9a00000)
  from space 11264K, 70% used [0x00000007da600000,0x00000007dadce630,0x00000007db100000)
  to   space 11776K, 0% used [0x00000007d9a00000,0x00000007d9a00000,0x00000007da580000)
 ParOldGen       total 86528K, used 14054K [0x0000000780c00000, 0x0000000786080000, 0x00000007d5900000)
  object space 86528K, 16% used [0x0000000780c00000,0x00000007819b9978,0x0000000786080000)
 PSPermGen       total 26112K, used 25743K [0x000000077ba00000, 0x000000077d380000, 0x0000000780c00000)
  object space 26112K, 98% used [0x000000077ba00000,0x000000077d323c78,0x000000077d380000)
Event: 5.758 GC heap after
Heap after GC invocations=7 (full 0):
 PSYoungGen      total 78336K, used 11768K [0x00000007d5900000, 0x00000007e0a00000, 0x0000000800000000)
  eden space 66560K, 0% used [0x00000007d5900000,0x00000007d5900000,0x00000007d9a00000)
  from space 11776K, 99% used [0x00000007d9a00000,0x00000007da57e280,0x00000007da580000)
  to   space 24064K, 0% used [0x00000007df280000,0x00000007df280000,0x00000007e0a00000)
 ParOldGen       total 86528K, used 35372K [0x0000000780c00000, 0x0000000786080000, 0x00000007d5900000)
  object space 86528K, 40% used [0x0000000780c00000,0x0000000782e8b288,0x0000000786080000)
 PSPermGen       total 26112K, used 25743K [0x000000077ba00000, 0x000000077d380000, 0x0000000780c00000)
  object space 26112K, 98% used [0x000000077ba00000,0x000000077d323c78,0x000000077d380000)
}
Event: 6.101 GC heap before
{Heap before GC invocations=8 (full 0):
 PSYoungGen      total 78336K, used 77394K [0x00000007d5900000, 0x00000007e0a00000, 0x0000000800000000)
  eden space 66560K, 98% used [0x00000007d5900000,0x00000007d99168a0,0x00000007d9a00000)
  from space 11776K, 99% used [0x00000007d9a00000,0x00000007da57e280,0x00000007da580000)
  to   space 24064K, 0% used [0x00000007df280000,0x00000007df280000,0x00000007e0a00000)
 ParOldGen       total 86528K, used 35372K [0x0000000780c00000, 0x0000000786080000, 0x00000007d5900000)
  object space 86528K, 40% used [0x0000000780c00000,0x0000000782e8b288,0x0000000786080000)
 PSPermGen       total 26624K, used 26277K [0x000000077ba00000, 0x000000077d400000, 0x0000000780c00000)
  object space 26624K, 98% used [0x000000077ba00000,0x000000077d3a9698,0x000000077d400000)
Event: 6.116 GC heap after
Heap after GC invocations=8 (full 0):
 PSYoungGen      total 149504K, used 24048K [0x00000007d5900000, 0x00000007e1900000, 0x0000000800000000)
  eden space 125440K, 0% used [0x00000007d5900000,0x00000007d5900000,0x00000007dd380000)
  from space 24064K, 99% used [0x00000007df280000,0x00000007e09fc1e8,0x00000007e0a00000)
  to   space 31744K, 0% used [0x00000007dd380000,0x00000007dd380000,0x00000007df280000)
 ParOldGen       total 86528K, used 44203K [0x0000000780c00000, 0x0000000786080000, 0x00000007d5900000)
  object space 86528K, 51% used [0x0000000780c00000,0x000000078372acf0,0x0000000786080000)
 PSPermGen       total 26624K, used 26277K [0x000000077ba00000, 0x000000077d400000, 0x0000000780c00000)
  object space 26624K, 98% used [0x000000077ba00000,0x000000077d3a9698,0x000000077d400000)
}
Event: 7.539 GC heap before
{Heap before GC invocations=9 (full 0):
 PSYoungGen      total 149504K, used 149488K [0x00000007d5900000, 0x00000007e1900000, 0x0000000800000000)
  eden space 125440K, 100% used [0x00000007d5900000,0x00000007dd380000,0x00000007dd380000)
  from space 24064K, 99% used [0x00000007df280000,0x00000007e09fc1e8,0x00000007e0a00000)
  to   space 31744K, 0% used [0x00000007dd380000,0x00000007dd380000,0x00000007df280000)
 ParOldGen       total 86528K, used 44203K [0x0000000780c00000, 0x0000000786080000, 0x00000007d5900000)
  object space 86528K, 51% used [0x0000000780c00000,0x000000078372acf0,0x0000000786080000)
 PSPermGen       total 26624K, used 26514K [0x000000077ba00000, 0x000000077d400000, 0x0000000780c00000)
  object space 26624K, 99% used [0x000000077ba00000,0x000000077d3e4a30,0x000000077d400000)
Event: 7.556 GC heap after
Heap after GC invocations=9 (full 0):
 PSYoungGen      total 157184K, used 31743K [0x00000007d5900000, 0x00000007e7700000, 0x0000000800000000)
  eden space 125440K, 0% used [0x00000007d5900000,0x00000007d5900000,0x00000007dd380000)
  from space 31744K, 99% used [0x00000007dd380000,0x00000007df27fc70,0x00000007df280000)
  to   space 46080K, 0% used [0x00000007e4a00000,0x00000007e4a00000,0x00000007e7700000)
 ParOldGen       total 86528K, used 67077K [0x0000000780c00000, 0x0000000786080000, 0x00000007d5900000)
  object space 86528K, 77% used [0x0000000780c00000,0x0000000784d81678,0x0000000786080000)
 PSPermGen       total 26624K, used 26514K [0x000000077ba00000, 0x000000077d400000, 0x0000000780c00000)
  object space 26624K, 99% used [0x000000077ba00000,0x000000077d3e4a30,0x000000077d400000)
}
Event: 7.556 GC heap before
{Heap before GC invocations=10 (full 1):
 PSYoungGen      total 157184K, used 31743K [0x00000007d5900000, 0x00000007e7700000, 0x0000000800000000)
  eden space 125440K, 0% used [0x00000007d5900000,0x00000007d5900000,0x00000007dd380000)
  from space 31744K, 99% used [0x00000007dd380000,0x00000007df27fc70,0x00000007df280000)
  to   space 46080K, 0% used [0x00000007e4a00000,0x00000007e4a00000,0x00000007e7700000)
 ParOldGen       total 86528K, used 67077K [0x0000000780c00000, 0x0000000786080000, 0x00000007d5900000)
  object space 86528K, 77% used [0x0000000780c00000,0x0000000784d81678,0x0000000786080000)
 PSPermGen       total 26624K, used 26514K [0x000000077ba00000, 0x000000077d400000, 0x0000000780c00000)
  object space 26624K, 99% used [0x000000077ba00000,0x000000077d3e4a30,0x000000077d400000)
Event: 7.658 GC heap after
Heap after GC invocations=10 (full 1):
 PSYoungGen      total 157184K, used 0K [0x00000007d5900000, 0x00000007e7700000, 0x0000000800000000)
  eden space 125440K, 0% used [0x00000007d5900000,0x00000007d5900000,0x00000007dd380000)
  from space 31744K, 0% used [0x00000007dd380000,0x00000007dd380000,0x00000007df280000)
  to   space 46080K, 0% used [0x00000007e4a00000,0x00000007e4a00000,0x00000007e7700000)
 ParOldGen       total 118784K, used 48627K [0x0000000780c00000, 0x0000000788000000, 0x00000007d5900000)
  object space 118784K, 40% used [0x0000000780c00000,0x0000000783b7cd18,0x0000000788000000)
 PSPermGen       total 53248K, used 26503K [0x000000077ba00000, 0x000000077ee00000, 0x0000000780c00000)
  object space 53248K, 49% used [0x000000077ba00000,0x000000077d3e1e88,0x000000077ee00000)
}

